[debug] [2023-06-13T03:40:55.025Z] ----------------------------------------------------------------------
[debug] [2023-06-13T03:40:55.027Z] Command:       /opt/homebrew/Cellar/node/19.1.0/bin/node /opt/homebrew/bin/firebase emulators:start --only functions
[debug] [2023-06-13T03:40:55.027Z] CLI Version:   12.3.1
[debug] [2023-06-13T03:40:55.027Z] Platform:      darwin
[debug] [2023-06-13T03:40:55.027Z] Node Version:  v19.1.0
[debug] [2023-06-13T03:40:55.027Z] Time:          Tue Jun 13 2023 09:10:55 GMT+0530 (India Standard Time)
[debug] [2023-06-13T03:40:55.027Z] ----------------------------------------------------------------------
[debug] 
[debug] [2023-06-13T03:40:55.066Z] > command requires scopes: ["email","openid","https://www.googleapis.com/auth/cloudplatformprojects.readonly","https://www.googleapis.com/auth/firebase","https://www.googleapis.com/auth/cloud-platform"]
[debug] [2023-06-13T03:40:55.067Z] > authorizing via signed-in user (rmalliksharma96@gmail.com)
[info] i  emulators: Starting emulators: functions {"metadata":{"emulator":{"name":"hub"},"message":"Starting emulators: functions"}}
[debug] [2023-06-13T03:40:55.295Z] [logging] Logging Emulator only supports listening on one address (127.0.0.1). Not listening on ::1
[debug] [2023-06-13T03:40:55.295Z] assigned listening specs for emulators {"user":{"hub":[{"address":"127.0.0.1","family":"IPv4","port":4400},{"address":"::1","family":"IPv6","port":4400}],"ui":[{"address":"127.0.0.1","family":"IPv4","port":4000},{"address":"::1","family":"IPv6","port":4000}],"logging":[{"address":"127.0.0.1","family":"IPv4","port":4500}]},"metadata":{"message":"assigned listening specs for emulators"}}
[debug] [2023-06-13T03:40:55.301Z] [hub] writing locator at /var/folders/5g/bhb5mlnd3kj3wv8mh37g32600000gp/T/hub-fir-firestore-11d6c.json
[debug] [2023-06-13T03:40:55.455Z] [functions] Functions Emulator only supports listening on one address (127.0.0.1). Not listening on ::1
[debug] [2023-06-13T03:40:55.455Z] [eventarc] Eventarc Emulator only supports listening on one address (127.0.0.1). Not listening on ::1
[debug] [2023-06-13T03:40:55.455Z] late-assigned ports for functions and eventarc emulators {"user":{"hub":[{"address":"127.0.0.1","family":"IPv4","port":4400},{"address":"::1","family":"IPv6","port":4400}],"ui":[{"address":"127.0.0.1","family":"IPv4","port":4000},{"address":"::1","family":"IPv6","port":4000}],"logging":[{"address":"127.0.0.1","family":"IPv4","port":4500}],"functions":[{"address":"127.0.0.1","family":"IPv4","port":5001}],"eventarc":[{"address":"127.0.0.1","family":"IPv4","port":9299}]},"metadata":{"message":"late-assigned ports for functions and eventarc emulators"}}
[warn] ⚠  functions: The following emulators are not running, calls to these services from the Functions emulator will affect production: auth, firestore, database, hosting, pubsub, storage {"metadata":{"emulator":{"name":"functions"},"message":"The following emulators are not running, calls to these services from the Functions emulator will affect production: \u001b[1mauth, firestore, database, hosting, pubsub, storage\u001b[22m"}}
[debug] [2023-06-13T03:40:55.457Z] defaultcredentials: writing to file /Users/mallikarjunasharma/.config/firebase/rmalliksharma96_gmail_com_application_default_credentials.json
[debug] [2023-06-13T03:40:55.459Z] Setting GAC to /Users/mallikarjunasharma/.config/firebase/rmalliksharma96_gmail_com_application_default_credentials.json {"metadata":{"emulator":{"name":"functions"},"message":"Setting GAC to /Users/mallikarjunasharma/.config/firebase/rmalliksharma96_gmail_com_application_default_credentials.json"}}
[debug] [2023-06-13T03:40:55.460Z] > refreshing access token with scopes: []
[debug] [2023-06-13T03:40:55.461Z] >>> [apiv2][query] POST https://www.googleapis.com/oauth2/v3/token [none]
[debug] [2023-06-13T03:40:55.461Z] >>> [apiv2][body] POST https://www.googleapis.com/oauth2/v3/token [omitted]
[debug] [2023-06-13T03:40:55.642Z] <<< [apiv2][status] POST https://www.googleapis.com/oauth2/v3/token 200
[debug] [2023-06-13T03:40:55.643Z] <<< [apiv2][body] POST https://www.googleapis.com/oauth2/v3/token [omitted]
[debug] [2023-06-13T03:40:55.674Z] >>> [apiv2][query] GET https://firebase.googleapis.com/v1beta1/projects/fir-firestore-11d6c/adminSdkConfig [none]
[debug] [2023-06-13T03:40:56.317Z] <<< [apiv2][status] GET https://firebase.googleapis.com/v1beta1/projects/fir-firestore-11d6c/adminSdkConfig 200
[debug] [2023-06-13T03:40:56.317Z] <<< [apiv2][body] GET https://firebase.googleapis.com/v1beta1/projects/fir-firestore-11d6c/adminSdkConfig {"projectId":"fir-firestore-11d6c","storageBucket":"fir-firestore-11d6c.appspot.com"}
[debug] [2023-06-13T03:40:56.338Z] Ignoring unsupported arg: auto_download {"metadata":{"emulator":{"name":"ui"},"message":"Ignoring unsupported arg: auto_download"}}
[debug] [2023-06-13T03:40:56.339Z] Ignoring unsupported arg: port {"metadata":{"emulator":{"name":"ui"},"message":"Ignoring unsupported arg: port"}}
[debug] [2023-06-13T03:40:56.339Z] Starting Emulator UI with command {"binary":"node","args":["/Users/mallikarjunasharma/.cache/firebase/emulators/ui-v1.11.6/server/server.js"],"optionalArgs":[],"joinArgs":false} {"metadata":{"emulator":{"name":"ui"},"message":"Starting Emulator UI with command {\"binary\":\"node\",\"args\":[\"/Users/mallikarjunasharma/.cache/firebase/emulators/ui-v1.11.6/server/server.js\"],\"optionalArgs\":[],\"joinArgs\":false}"}}
[info] i  ui: Emulator UI logging to ui-debug.log {"metadata":{"emulator":{"name":"ui"},"message":"Emulator UI logging to \u001b[1mui-debug.log\u001b[22m"}}
[debug] [2023-06-13T03:40:56.419Z] Web / API server started at 127.0.0.1:4000
 {"metadata":{"emulator":{"name":"ui"},"message":"Web / API server started at 127.0.0.1:4000\n"}}
[debug] [2023-06-13T03:40:56.419Z] Web / API server started at ::1:4000
 {"metadata":{"emulator":{"name":"ui"},"message":"Web / API server started at ::1:4000\n"}}
[info] i  functions: Watching "/Users/mallikarjunasharma/Downloads/class/nodeapp-b3087fe760b86e827f0346130c1f188f6d0b9b7d/firebase-app/functions" for Cloud Functions... {"metadata":{"emulator":{"name":"functions"},"message":"Watching \"/Users/mallikarjunasharma/Downloads/class/nodeapp-b3087fe760b86e827f0346130c1f188f6d0b9b7d/firebase-app/functions\" for Cloud Functions..."}}
[debug] [2023-06-13T03:40:56.603Z] Validating nodejs source
[warn] ⚠  functions: package.json indicates an outdated version of firebase-functions. Please upgrade using npm install --save firebase-functions@latest in your functions directory. 
[debug] [2023-06-13T03:40:57.011Z] > [functions] package.json contents: {
  "name": "functions",
  "description": "Cloud Functions for Firebase",
  "scripts": {
    "lint": "eslint .",
    "serve": "firebase emulators:start --only functions",
    "shell": "firebase functions:shell",
    "start": "npm run shell",
    "deploy": "firebase deploy --only functions",
    "logs": "firebase functions:log"
  },
  "engines": {
    "node": "18"
  },
  "main": "index.js",
  "dependencies": {
    "firebase-admin": "^11.8.0",
    "firebase-functions": "^4.3.1",
    "body-parser": "^1.20.2",
    "express": "^4.18.2",
    "fs": "^0.0.1-security"
  },
  "devDependencies": {
    "eslint": "^8.15.0",
    "eslint-config-google": "^0.14.0",
    "firebase-functions-test": "^3.1.0"
  },
  "private": true
}
[debug] [2023-06-13T03:40:57.011Z] Building nodejs source
[debug] [2023-06-13T03:40:57.011Z] Failed to find version of module node: reached end of search path /Users/mallikarjunasharma/Downloads/class/nodeapp-b3087fe760b86e827f0346130c1f188f6d0b9b7d/firebase-app/functions/node_modules
[warn] ⚠  functions: Your requested "node" version "18" doesn't match your global version "19". Using node@19 from host. 
[debug] [2023-06-13T03:40:57.012Z] Could not find functions.yaml. Must use http discovery
[debug] [2023-06-13T03:40:57.016Z] Found firebase-functions binary at '/Users/mallikarjunasharma/Downloads/class/nodeapp-b3087fe760b86e827f0346130c1f188f6d0b9b7d/firebase-app/functions/node_modules/.bin/firebase-functions'
[debug] [2023-06-13T03:40:57.173Z] Serving at port 8093

[debug] [2023-06-13T03:40:57.354Z] Got response from /__/functions.yaml {"endpoints":{"app":{"platform":"gcfv1","availableMemoryMb":null,"timeoutSeconds":null,"minInstances":null,"maxInstances":null,"ingressSettings":null,"serviceAccountEmail":null,"vpc":null,"httpsTrigger":{},"entryPoint":"app"}},"specVersion":"v1alpha1","requiredAPIs":[]}
[debug] [2023-06-13T03:40:57.483Z] shutdown requested via /__/quitquitquit

[info] ✔  functions: Loaded functions definitions from source: app. {"metadata":{"emulator":{"name":"functions"},"message":"Loaded functions definitions from source: app."}}
[info] ✔  functions[us-central1-app]: http function initialized (http://127.0.0.1:5001/fir-firestore-11d6c/us-central1/app). {"metadata":{"emulator":{"name":"functions"},"message":"\u001b[1mhttp\u001b[22m function initialized (http://127.0.0.1:5001/fir-firestore-11d6c/us-central1/app)."}}
[info] 
┌─────────────────────────────────────────────────────────────┐
│ ✔  All emulators ready! It is now safe to connect your app. │
│ i  View Emulator UI at http://127.0.0.1:4000/               │
└─────────────────────────────────────────────────────────────┘

┌───────────┬────────────────┬─────────────────────────────────┐
│ Emulator  │ Host:Port      │ View in Emulator UI             │
├───────────┼────────────────┼─────────────────────────────────┤
│ Functions │ 127.0.0.1:5001 │ http://127.0.0.1:4000/functions │
└───────────┴────────────────┴─────────────────────────────────┘
  Emulator Hub running at 127.0.0.1:4400
  Other reserved ports: 4500

Issues? Report them at https://github.com/firebase/firebase-tools/issues and attach the *-debug.log files.
 
[debug] [2023-06-13T03:42:11.070Z] [work-queue] {"queuedWork":["/fir-firestore-11d6c/us-central1/app-2023-06-13T03:42:11.070Z"],"queueLength":1,"runningWork":[],"workRunningCount":0}
[debug] [2023-06-13T03:42:11.071Z] [work-queue] {"queuedWork":[],"queueLength":0,"runningWork":["/fir-firestore-11d6c/us-central1/app-2023-06-13T03:42:11.070Z"],"workRunningCount":1}
[debug] [2023-06-13T03:42:11.071Z] Accepted request GET /fir-firestore-11d6c/us-central1/app --> us-central1-app
[debug] [2023-06-13T03:42:11.074Z] [functions] Runtime ready! Sending request! {"metadata":{"emulator":{"name":"functions"},"message":"[functions] Runtime ready! Sending request!"}}
[debug] [2023-06-13T03:42:11.074Z] [functions] Got req.url=/fir-firestore-11d6c/us-central1/app, mapping to path=/ {"metadata":{"emulator":{"name":"functions"},"message":"[functions] Got req.url=/fir-firestore-11d6c/us-central1/app, mapping to path=/"}}
[debug] [2023-06-13T03:42:11.079Z] [worker-pool] addWorker(us-central1-app) {"metadata":{"emulator":{"name":"functions"},"message":"[worker-pool] addWorker(us-central1-app)"}}
[debug] [2023-06-13T03:42:11.079Z] [worker-pool] Adding worker with key us-central1-app, total=1 {"metadata":{"emulator":{"name":"functions"},"message":"[worker-pool] Adding worker with key us-central1-app, total=1"}}
[debug] [2023-06-13T03:42:11.586Z] [runtime-status] [64717] Resolved module firebase-admin {"declared":true,"installed":true,"version":"11.9.0","resolution":"/Users/mallikarjunasharma/Downloads/class/nodeapp-b3087fe760b86e827f0346130c1f188f6d0b9b7d/firebase-app/functions/node_modules/firebase-admin/lib/index.js"} {"metadata":{"emulator":{"name":"functions"},"function":{"name":"us-central1-app"},"extension":{},"message":"[runtime-status] [64717] Resolved module firebase-admin {\"declared\":true,\"installed\":true,\"version\":\"11.9.0\",\"resolution\":\"/Users/mallikarjunasharma/Downloads/class/nodeapp-b3087fe760b86e827f0346130c1f188f6d0b9b7d/firebase-app/functions/node_modules/firebase-admin/lib/index.js\"}"}}
[debug] [2023-06-13T03:42:11.587Z] [runtime-status] [64717] Resolved module firebase-functions {"declared":true,"installed":true,"version":"4.4.0","resolution":"/Users/mallikarjunasharma/Downloads/class/nodeapp-b3087fe760b86e827f0346130c1f188f6d0b9b7d/firebase-app/functions/node_modules/firebase-functions/lib/v1/index.js"} {"metadata":{"emulator":{"name":"functions"},"function":{"name":"us-central1-app"},"extension":{},"message":"[runtime-status] [64717] Resolved module firebase-functions {\"declared\":true,\"installed\":true,\"version\":\"4.4.0\",\"resolution\":\"/Users/mallikarjunasharma/Downloads/class/nodeapp-b3087fe760b86e827f0346130c1f188f6d0b9b7d/firebase-app/functions/node_modules/firebase-functions/lib/v1/index.js\"}"}}
[debug] [2023-06-13T03:42:11.587Z] [runtime-status] [64717] Outgoing network have been stubbed. [{"name":"http","status":"mocked"},{"name":"http","status":"mocked"},{"name":"https","status":"mocked"},{"name":"https","status":"mocked"},{"name":"net","status":"mocked"}] {"metadata":{"emulator":{"name":"functions"},"function":{"name":"us-central1-app"},"extension":{},"message":"[runtime-status] [64717] Outgoing network have been stubbed. [{\"name\":\"http\",\"status\":\"mocked\"},{\"name\":\"http\",\"status\":\"mocked\"},{\"name\":\"https\",\"status\":\"mocked\"},{\"name\":\"https\",\"status\":\"mocked\"},{\"name\":\"net\",\"status\":\"mocked\"}]"}}
[debug] [2023-06-13T03:42:11.587Z] [runtime-status] [64717] Resolved module firebase-functions {"declared":true,"installed":true,"version":"4.4.0","resolution":"/Users/mallikarjunasharma/Downloads/class/nodeapp-b3087fe760b86e827f0346130c1f188f6d0b9b7d/firebase-app/functions/node_modules/firebase-functions/lib/v1/index.js"} {"metadata":{"emulator":{"name":"functions"},"function":{"name":"us-central1-app"},"extension":{},"message":"[runtime-status] [64717] Resolved module firebase-functions {\"declared\":true,\"installed\":true,\"version\":\"4.4.0\",\"resolution\":\"/Users/mallikarjunasharma/Downloads/class/nodeapp-b3087fe760b86e827f0346130c1f188f6d0b9b7d/firebase-app/functions/node_modules/firebase-functions/lib/v1/index.js\"}"}}
[debug] [2023-06-13T03:42:11.684Z] [runtime-status] [64717] Checked functions.config() {"config":{}} {"metadata":{"emulator":{"name":"functions"},"function":{"name":"us-central1-app"},"extension":{},"message":"[runtime-status] [64717] Checked functions.config() {\"config\":{}}"}}
[debug] [2023-06-13T03:42:11.684Z] [runtime-status] [64717] firebase-functions has been stubbed. {"functionsResolution":{"declared":true,"installed":true,"version":"4.4.0","resolution":"/Users/mallikarjunasharma/Downloads/class/nodeapp-b3087fe760b86e827f0346130c1f188f6d0b9b7d/firebase-app/functions/node_modules/firebase-functions/lib/v1/index.js"}} {"metadata":{"emulator":{"name":"functions"},"function":{"name":"us-central1-app"},"extension":{},"message":"[runtime-status] [64717] firebase-functions has been stubbed. {\"functionsResolution\":{\"declared\":true,\"installed\":true,\"version\":\"4.4.0\",\"resolution\":\"/Users/mallikarjunasharma/Downloads/class/nodeapp-b3087fe760b86e827f0346130c1f188f6d0b9b7d/firebase-app/functions/node_modules/firebase-functions/lib/v1/index.js\"}}"}}
[debug] [2023-06-13T03:42:11.684Z] [runtime-status] [64717] Resolved module firebase-functions {"declared":true,"installed":true,"version":"4.4.0","resolution":"/Users/mallikarjunasharma/Downloads/class/nodeapp-b3087fe760b86e827f0346130c1f188f6d0b9b7d/firebase-app/functions/node_modules/firebase-functions/lib/v1/index.js"} {"metadata":{"emulator":{"name":"functions"},"function":{"name":"us-central1-app"},"extension":{},"message":"[runtime-status] [64717] Resolved module firebase-functions {\"declared\":true,\"installed\":true,\"version\":\"4.4.0\",\"resolution\":\"/Users/mallikarjunasharma/Downloads/class/nodeapp-b3087fe760b86e827f0346130c1f188f6d0b9b7d/firebase-app/functions/node_modules/firebase-functions/lib/v1/index.js\"}"}}
[debug] [2023-06-13T03:42:11.685Z] [runtime-status] [64717] Resolved module firebase-admin {"declared":true,"installed":true,"version":"11.9.0","resolution":"/Users/mallikarjunasharma/Downloads/class/nodeapp-b3087fe760b86e827f0346130c1f188f6d0b9b7d/firebase-app/functions/node_modules/firebase-admin/lib/index.js"} {"metadata":{"emulator":{"name":"functions"},"function":{"name":"us-central1-app"},"extension":{},"message":"[runtime-status] [64717] Resolved module firebase-admin {\"declared\":true,\"installed\":true,\"version\":\"11.9.0\",\"resolution\":\"/Users/mallikarjunasharma/Downloads/class/nodeapp-b3087fe760b86e827f0346130c1f188f6d0b9b7d/firebase-app/functions/node_modules/firebase-admin/lib/index.js\"}"}}
[debug] [2023-06-13T03:42:11.686Z] [runtime-status] [64717] Resolved module firebase-functions {"declared":true,"installed":true,"version":"4.4.0","resolution":"/Users/mallikarjunasharma/Downloads/class/nodeapp-b3087fe760b86e827f0346130c1f188f6d0b9b7d/firebase-app/functions/node_modules/firebase-functions/lib/v1/index.js"} {"metadata":{"emulator":{"name":"functions"},"function":{"name":"us-central1-app"},"extension":{},"message":"[runtime-status] [64717] Resolved module firebase-functions {\"declared\":true,\"installed\":true,\"version\":\"4.4.0\",\"resolution\":\"/Users/mallikarjunasharma/Downloads/class/nodeapp-b3087fe760b86e827f0346130c1f188f6d0b9b7d/firebase-app/functions/node_modules/firebase-functions/lib/v1/index.js\"}"}}
[debug] [2023-06-13T03:42:11.686Z] [runtime-status] [64717] firebase-admin has been stubbed. {"adminResolution":{"declared":true,"installed":true,"version":"11.9.0","resolution":"/Users/mallikarjunasharma/Downloads/class/nodeapp-b3087fe760b86e827f0346130c1f188f6d0b9b7d/firebase-app/functions/node_modules/firebase-admin/lib/index.js"}} {"metadata":{"emulator":{"name":"functions"},"function":{"name":"us-central1-app"},"extension":{},"message":"[runtime-status] [64717] firebase-admin has been stubbed. {\"adminResolution\":{\"declared\":true,\"installed\":true,\"version\":\"11.9.0\",\"resolution\":\"/Users/mallikarjunasharma/Downloads/class/nodeapp-b3087fe760b86e827f0346130c1f188f6d0b9b7d/firebase-app/functions/node_modules/firebase-admin/lib/index.js\"}}"}}
[debug] [2023-06-13T03:42:11.745Z] [runtime-status] [64717] initializeApp(DEFAULT) {"credential":{"implicit":false,"projectId":"fir-firestore-11d6c","privateKey":"-----BEGIN PRIVATE KEY-----\nMIIEvAIBADANBgkqhkiG9w0BAQEFAASCBKYwggSiAgEAAoIBAQC3qiED6BBNm+R7\nIRWz87EySqoeqQPGkB6icVpbfdyp+DitUHX/1BfzKQtXsuoYUlc9dq7L2ZrWF3Qw\nR+HjTPzhvHoKYv6mNmWqREJtiS4fPhnHl4NAHRbQu0uYAwi+3rhPIXNPmj7MSXPX\n07uVTplRdvtu++YS5h2AnPXMW9Cd6qmYIauPBQ/DqS8yWf4bIcuPEfJd+Mqy7qDS\nW6JeuZIIOmRqWXuAoS2aJqkrwOQSI+Bef4mRJItRwZ1EWaQwiVDhnf+PBC79ENvX\nYymfx/BvKklehu97fdJsSxgvcsLjq8+DMH85Whr8VXB9fhJ7Zl0stYa12ubl+UPA\ngMzcSmtfAgMBAAECggEAVim0wmno2Bf2CQO89EazjwXzKF4fPNSY4pluC/UQhBbE\ntB5GtWWxdKyBOzve0dkzP00B9PVZy+2F3y6h3OpdyqMK1/uYPq7PZCEQzuVn41VV\nb8r3Uqky7mqnrKFjxXOkIM9vEt2ob1tYQtz8qC+PAuZgT7FSPvSAy7kXIS/Dv4kv\nRNLZE9mvNX3o2894hLF6fZyDgtUbRTcxdTLgmvcOkmh3Jffs/rHB8vITN6M0hBWZ\nSbrLLArrreXWjPlezuGHK5pMxIbtgSeMzELzuC90kaRwXGoL1qLk7O/tQlceR9we\nMpd/FNmOM1YhUDpWRlCC65jYFCwK8WsvdSQnTy85zQKBgQDgOH5Eu7XCs06B59Z9\nXZFcMSBEaiPHzpbpkYnu+EYMnbi9kRDPP5+QRk1TfNPCtq/Lqu8U49ffAE8TfblR\n95VeKpF3ZsXx5UFndpAKBWQrcZ+PVTS9kwLjZ2K5VMqkaY8IM5P6+Mg8KVdfN0tV\nv6OFy6bxDvVQ6aqCiD5drG2WswKBgQDRsh5s5MwXwKPlhH8DIHDDkkJJXLxVyHDs\nMYiALFb9iIXcO/J7cpaKLNGTyL41qslgtvo5E+netP5qB1+H6/BlfmErx/m+x89F\nldZCLWqNrEnX0Sww6V6D3AnnTzk1yXjuRdFiP5ceqv1UT7jtA0/TleX95xvyuK77\n9+Dx4CuOpQKBgACAv+/BiAfWxR9PeNCxLAlL5umgX1IsaXQ+qlOJ5QZUODzcnXAJ\nkX8OWVANoJ/4Lu7DBGREmpBafNLrXkYLyx7583eUGG+RdxMXVf1fw7jBOX1l0Id4\nU/JUogkOYqH5xqNbEkLm2fQgl5yUECwyENjU+xvhT7WNwJ8oVRN6tog3AoGAJ/xw\nItGqPWlFl5GhaqY3+oMcUsL1QuJa7h8v6UkLOYNcCzf/MB0UqbqMKEMiSjeL+P5L\nTrEGaqpWzT8kr1WFXMUxoFicvg1578n3tlzUsblFx3qik50cocZGuS35OdF2VvFH\nURXRKk7uybH+EGwOP8mYtsboJGulKnUFFvppM+UCgYAzdkhIJ2Wisiw2IRcV5CUN\nlWeq5rRiL3Wekog6Nl69D8OGkzT+t6XmZgeHCzTRJcKesRiRImlAn1glSm3XC6Xq\n/JwO3ON2VmbFYFYqy2Q+BLreEEXLMqDNmCCEZtnin3KTJya2Cf3CZz9Ol6BE1arX\ny/UvIhB3Ptd/NsQWExZxUQ==\n-----END PRIVATE KEY-----\n","clientEmail":"firebase-adminsdk-yw1zm@fir-firestore-11d6c.iam.gserviceaccount.com","httpClient":{"retry":{"maxRetries":4,"statusCodes":[503],"ioErrorCodes":["ECONNRESET","ETIMEDOUT"],"backOffFactor":0.5,"maxDelayInMillis":60000}}}} {"metadata":{"emulator":{"name":"functions"},"function":{"name":"us-central1-app"},"extension":{},"message":"[runtime-status] [64717] initializeApp(DEFAULT) {\"credential\":{\"implicit\":false,\"projectId\":\"fir-firestore-11d6c\",\"privateKey\":\"-----BEGIN PRIVATE KEY-----\\nMIIEvAIBADANBgkqhkiG9w0BAQEFAASCBKYwggSiAgEAAoIBAQC3qiED6BBNm+R7\\nIRWz87EySqoeqQPGkB6icVpbfdyp+DitUHX/1BfzKQtXsuoYUlc9dq7L2ZrWF3Qw\\nR+HjTPzhvHoKYv6mNmWqREJtiS4fPhnHl4NAHRbQu0uYAwi+3rhPIXNPmj7MSXPX\\n07uVTplRdvtu++YS5h2AnPXMW9Cd6qmYIauPBQ/DqS8yWf4bIcuPEfJd+Mqy7qDS\\nW6JeuZIIOmRqWXuAoS2aJqkrwOQSI+Bef4mRJItRwZ1EWaQwiVDhnf+PBC79ENvX\\nYymfx/BvKklehu97fdJsSxgvcsLjq8+DMH85Whr8VXB9fhJ7Zl0stYa12ubl+UPA\\ngMzcSmtfAgMBAAECggEAVim0wmno2Bf2CQO89EazjwXzKF4fPNSY4pluC/UQhBbE\\ntB5GtWWxdKyBOzve0dkzP00B9PVZy+2F3y6h3OpdyqMK1/uYPq7PZCEQzuVn41VV\\nb8r3Uqky7mqnrKFjxXOkIM9vEt2ob1tYQtz8qC+PAuZgT7FSPvSAy7kXIS/Dv4kv\\nRNLZE9mvNX3o2894hLF6fZyDgtUbRTcxdTLgmvcOkmh3Jffs/rHB8vITN6M0hBWZ\\nSbrLLArrreXWjPlezuGHK5pMxIbtgSeMzELzuC90kaRwXGoL1qLk7O/tQlceR9we\\nMpd/FNmOM1YhUDpWRlCC65jYFCwK8WsvdSQnTy85zQKBgQDgOH5Eu7XCs06B59Z9\\nXZFcMSBEaiPHzpbpkYnu+EYMnbi9kRDPP5+QRk1TfNPCtq/Lqu8U49ffAE8TfblR\\n95VeKpF3ZsXx5UFndpAKBWQrcZ+PVTS9kwLjZ2K5VMqkaY8IM5P6+Mg8KVdfN0tV\\nv6OFy6bxDvVQ6aqCiD5drG2WswKBgQDRsh5s5MwXwKPlhH8DIHDDkkJJXLxVyHDs\\nMYiALFb9iIXcO/J7cpaKLNGTyL41qslgtvo5E+netP5qB1+H6/BlfmErx/m+x89F\\nldZCLWqNrEnX0Sww6V6D3AnnTzk1yXjuRdFiP5ceqv1UT7jtA0/TleX95xvyuK77\\n9+Dx4CuOpQKBgACAv+/BiAfWxR9PeNCxLAlL5umgX1IsaXQ+qlOJ5QZUODzcnXAJ\\nkX8OWVANoJ/4Lu7DBGREmpBafNLrXkYLyx7583eUGG+RdxMXVf1fw7jBOX1l0Id4\\nU/JUogkOYqH5xqNbEkLm2fQgl5yUECwyENjU+xvhT7WNwJ8oVRN6tog3AoGAJ/xw\\nItGqPWlFl5GhaqY3+oMcUsL1QuJa7h8v6UkLOYNcCzf/MB0UqbqMKEMiSjeL+P5L\\nTrEGaqpWzT8kr1WFXMUxoFicvg1578n3tlzUsblFx3qik50cocZGuS35OdF2VvFH\\nURXRKk7uybH+EGwOP8mYtsboJGulKnUFFvppM+UCgYAzdkhIJ2Wisiw2IRcV5CUN\\nlWeq5rRiL3Wekog6Nl69D8OGkzT+t6XmZgeHCzTRJcKesRiRImlAn1glSm3XC6Xq\\n/JwO3ON2VmbFYFYqy2Q+BLreEEXLMqDNmCCEZtnin3KTJya2Cf3CZz9Ol6BE1arX\\ny/UvIhB3Ptd/NsQWExZxUQ==\\n-----END PRIVATE KEY-----\\n\",\"clientEmail\":\"firebase-adminsdk-yw1zm@fir-firestore-11d6c.iam.gserviceaccount.com\",\"httpClient\":{\"retry\":{\"maxRetries\":4,\"statusCodes\":[503],\"ioErrorCodes\":[\"ECONNRESET\",\"ETIMEDOUT\"],\"backOffFactor\":0.5,\"maxDelayInMillis\":60000}}}}"}}
[warn] ⚠  functions: The Cloud Firestore emulator is not running, so calls to Firestore will affect production. {"metadata":{"emulator":{"name":"functions"},"function":{"name":"us-central1-app"},"extension":{},"message":"The Cloud Firestore emulator is not running, so calls to Firestore will affect production."}}
[debug] [2023-06-13T03:42:11.750Z] [runtime-status] [64717] Functions runtime initialized. {"cwd":"/Users/mallikarjunasharma/Downloads/class/nodeapp-b3087fe760b86e827f0346130c1f188f6d0b9b7d/firebase-app/functions","node_version":"19.1.0"} {"metadata":{"emulator":{"name":"functions"},"function":{"name":"us-central1-app"},"extension":{},"message":"[runtime-status] [64717] Functions runtime initialized. {\"cwd\":\"/Users/mallikarjunasharma/Downloads/class/nodeapp-b3087fe760b86e827f0346130c1f188f6d0b9b7d/firebase-app/functions\",\"node_version\":\"19.1.0\"}"}}
[debug] [2023-06-13T03:42:11.751Z] [runtime-status] [64717] Listening to port: /var/folders/5g/bhb5mlnd3kj3wv8mh37g32600000gp/T/fire_emu_d04998cd99179d3f.sock {"metadata":{"emulator":{"name":"functions"},"function":{"name":"us-central1-app"},"extension":{},"message":"[runtime-status] [64717] Listening to port: /var/folders/5g/bhb5mlnd3kj3wv8mh37g32600000gp/T/fire_emu_d04998cd99179d3f.sock"}}
[debug] [2023-06-13T03:42:11.790Z] [worker-us-central1-app-03e8e8a7-2d83-4f01-b406-0646acc0fb5c]: IDLE {"metadata":{"emulator":{"name":"functions"},"function":{"name":"us-central1-app"},"extension":{},"message":"[worker-us-central1-app-03e8e8a7-2d83-4f01-b406-0646acc0fb5c]: IDLE"}}
[debug] [2023-06-13T03:42:11.790Z] [worker-pool] submitRequest(triggerId=us-central1-app) {"metadata":{"emulator":{"name":"functions"},"message":"[worker-pool] submitRequest(triggerId=us-central1-app)"}}
[info] i  functions: Beginning execution of "us-central1-app" {"metadata":{"emulator":{"name":"functions"},"function":{"name":"us-central1-app"},"extension":{},"message":"Beginning execution of \"us-central1-app\""}}
[debug] [2023-06-13T03:42:11.790Z] [worker-us-central1-app-03e8e8a7-2d83-4f01-b406-0646acc0fb5c]: BUSY {"metadata":{"emulator":{"name":"functions"},"function":{"name":"us-central1-app"},"extension":{},"message":"[worker-us-central1-app-03e8e8a7-2d83-4f01-b406-0646acc0fb5c]: BUSY"}}
[debug] [2023-06-13T03:42:11.794Z] Finishing up request with event=pause {"metadata":{"emulator":{"name":"functions"},"function":{"name":"us-central1-app"},"extension":{},"message":"Finishing up request with event=pause"}}
[info] i  functions: Finished "us-central1-app" in 3.302167ms {"metadata":{"emulator":{"name":"functions"},"function":{"name":"us-central1-app"},"extension":{},"message":"Finished \"us-central1-app\" in 3.302167ms"}}
[debug] [2023-06-13T03:42:11.794Z] [worker-us-central1-app-03e8e8a7-2d83-4f01-b406-0646acc0fb5c]: IDLE {"metadata":{"emulator":{"name":"functions"},"function":{"name":"us-central1-app"},"extension":{},"message":"[worker-us-central1-app-03e8e8a7-2d83-4f01-b406-0646acc0fb5c]: IDLE"}}
[debug] [2023-06-13T03:42:11.794Z] Finishing up request with event=finish {"metadata":{"emulator":{"name":"functions"},"function":{"name":"us-central1-app"},"extension":{},"message":"Finishing up request with event=finish"}}
[debug] [2023-06-13T03:42:11.794Z] Finishing up request with event=close {"metadata":{"emulator":{"name":"functions"},"function":{"name":"us-central1-app"},"extension":{},"message":"Finishing up request with event=close"}}
[debug] [2023-06-13T03:42:11.794Z] [work-queue] {"queuedWork":[],"queueLength":0,"runningWork":[],"workRunningCount":0}
[debug] [2023-06-13T03:42:11.851Z] Functions emulator received unknown request at path /favicon.ico
[debug] [2023-06-13T03:43:37.373Z] [work-queue] {"queuedWork":["/fir-firestore-11d6c/us-central1/app/form-2023-06-13T03:43:37.373Z"],"queueLength":1,"runningWork":[],"workRunningCount":0}
[debug] [2023-06-13T03:43:37.373Z] [work-queue] {"queuedWork":[],"queueLength":0,"runningWork":["/fir-firestore-11d6c/us-central1/app/form-2023-06-13T03:43:37.373Z"],"workRunningCount":1}
[debug] [2023-06-13T03:43:37.374Z] Accepted request GET /fir-firestore-11d6c/us-central1/app/form --> us-central1-app
[debug] [2023-06-13T03:43:37.377Z] [functions] Runtime ready! Sending request! {"metadata":{"emulator":{"name":"functions"},"message":"[functions] Runtime ready! Sending request!"}}
[debug] [2023-06-13T03:43:37.378Z] [functions] Got req.url=/fir-firestore-11d6c/us-central1/app/form, mapping to path=/form {"metadata":{"emulator":{"name":"functions"},"message":"[functions] Got req.url=/fir-firestore-11d6c/us-central1/app/form, mapping to path=/form"}}
[debug] [2023-06-13T03:43:37.378Z] [worker-pool] submitRequest(triggerId=us-central1-app) {"metadata":{"emulator":{"name":"functions"},"message":"[worker-pool] submitRequest(triggerId=us-central1-app)"}}
[info] i  functions: Beginning execution of "us-central1-app" {"metadata":{"emulator":{"name":"functions"},"function":{"name":"us-central1-app"},"extension":{},"message":"Beginning execution of \"us-central1-app\""}}
[debug] [2023-06-13T03:43:37.378Z] [worker-us-central1-app-03e8e8a7-2d83-4f01-b406-0646acc0fb5c]: BUSY {"metadata":{"emulator":{"name":"functions"},"function":{"name":"us-central1-app"},"extension":{},"message":"[worker-us-central1-app-03e8e8a7-2d83-4f01-b406-0646acc0fb5c]: BUSY"}}
[debug] [2023-06-13T03:43:37.386Z] Finishing up request with event=pause {"metadata":{"emulator":{"name":"functions"},"function":{"name":"us-central1-app"},"extension":{},"message":"Finishing up request with event=pause"}}
[info] i  functions: Finished "us-central1-app" in 7.905792ms {"metadata":{"emulator":{"name":"functions"},"function":{"name":"us-central1-app"},"extension":{},"message":"Finished \"us-central1-app\" in 7.905792ms"}}
[debug] [2023-06-13T03:43:37.386Z] [worker-us-central1-app-03e8e8a7-2d83-4f01-b406-0646acc0fb5c]: IDLE {"metadata":{"emulator":{"name":"functions"},"function":{"name":"us-central1-app"},"extension":{},"message":"[worker-us-central1-app-03e8e8a7-2d83-4f01-b406-0646acc0fb5c]: IDLE"}}
[debug] [2023-06-13T03:43:37.386Z] Finishing up request with event=finish {"metadata":{"emulator":{"name":"functions"},"function":{"name":"us-central1-app"},"extension":{},"message":"Finishing up request with event=finish"}}
[debug] [2023-06-13T03:43:37.386Z] Finishing up request with event=close {"metadata":{"emulator":{"name":"functions"},"function":{"name":"us-central1-app"},"extension":{},"message":"Finishing up request with event=close"}}
[debug] [2023-06-13T03:43:37.387Z] [work-queue] {"queuedWork":[],"queueLength":0,"runningWork":[],"workRunningCount":0}
